{"level":"INFO","message":"[10:11:14.975 AM]: Creating new connection object"}
{"level":"INFO","message":"[10:11:14.992 AM]: Creating Connection[id: 444f9f66-0eaa-4a26-9f25-fe9f868f2ec1] with host: CYRMHDX-RW82331.snowflakecomputing.com, account: CYRMHDX-RW82331, accessUrl: https://CYRMHDX-RW82331.snowflakecomputing.com, user: DEMOARGOS, role: ACCOUNTADMIN, database: Argos, schema: Argos_Data, warehouse: COMPUTE_WH, proxy was not configured, password is provided, region: undefined, authenticator: SNOWFLAKE, ocsp mode: FAIL_OPEN, os: win32, os version: 10.0.22621"}
{"level":"INFO","message":"[10:11:14.993 AM]: Connection[id: 444f9f66-0eaa-4a26-9f25-fe9f868f2ec1] additional details: passcode in password is provided, passcode is not provided, private key is not provided, application: undefined, client name: snowflake-sdk, client version: 2.1.3, retry timeout: 300, private key path: undefined, private key pass is not provided, client store temporary credential: false, browser response timeout: 120000"}
{"level":"INFO","message":"[10:11:14.995 AM]: Connection[id: 444f9f66-0eaa-4a26-9f25-fe9f868f2ec1] - connection object created successfully."}
{"level":"INFO","message":"[10:11:14.995 AM]: Connection[id: 444f9f66-0eaa-4a26-9f25-fe9f868f2ec1] - connecting. Associated Snowflake domain: GLOBAL"}
{"level":"INFO","message":"[10:11:15.011 AM]: Connection[id: 444f9f66-0eaa-4a26-9f25-fe9f868f2ec1] - authentication successful using: SNOWFLAKE"}
{"level":"INFO","message":"[10:11:15.012 AM]: Trying to initialize Easy Logging"}
{"level":"INFO","message":"[10:11:15.015 AM]: No client config detected."}
{"level":"INFO","message":"[10:11:15.015 AM]: No config file path found. Client config will not be used."}
{"level":"INFO","message":"[10:11:15.016 AM]: Easy Logging is disabled as no config has been found"}
{"level":"INFO","message":"[10:11:15.022 AM]: Connection[id: 444f9f66-0eaa-4a26-9f25-fe9f868f2ec1] - connected successfully after 26.613499999046326 milliseconds"}
{"level":"INFO","message":"[10:12:03.834 AM]: Creating new connection object"}
{"level":"INFO","message":"[10:12:03.850 AM]: Creating Connection[id: 1e86bc35-16f6-45c3-a830-3b6be84cf05d] with host: CYRMHDX-RW82331.snowflakecomputing.com, account: CYRMHDX-RW82331, accessUrl: https://CYRMHDX-RW82331.snowflakecomputing.com, user: DEMOARGOS, role: ACCOUNTADMIN, database: Argos, schema: Argos_Data, warehouse: COMPUTE_WH, proxy was not configured, password is provided, region: undefined, authenticator: SNOWFLAKE, ocsp mode: FAIL_OPEN, os: win32, os version: 10.0.22621"}
{"level":"INFO","message":"[10:12:03.851 AM]: Connection[id: 1e86bc35-16f6-45c3-a830-3b6be84cf05d] additional details: passcode in password is provided, passcode is not provided, private key is not provided, application: undefined, client name: snowflake-sdk, client version: 2.1.3, retry timeout: 300, private key path: undefined, private key pass is not provided, client store temporary credential: false, browser response timeout: 120000"}
{"level":"INFO","message":"[10:12:03.853 AM]: Connection[id: 1e86bc35-16f6-45c3-a830-3b6be84cf05d] - connection object created successfully."}
{"level":"INFO","message":"[10:12:03.854 AM]: Connection[id: 1e86bc35-16f6-45c3-a830-3b6be84cf05d] - connecting. Associated Snowflake domain: GLOBAL"}
{"level":"INFO","message":"[10:12:03.871 AM]: Connection[id: 1e86bc35-16f6-45c3-a830-3b6be84cf05d] - authentication successful using: SNOWFLAKE"}
{"level":"INFO","message":"[10:12:03.872 AM]: Trying to initialize Easy Logging"}
{"level":"INFO","message":"[10:12:03.876 AM]: No client config detected."}
{"level":"INFO","message":"[10:12:03.877 AM]: No config file path found. Client config will not be used."}
{"level":"INFO","message":"[10:12:03.877 AM]: Easy Logging is disabled as no config has been found"}
{"level":"INFO","message":"[10:12:03.883 AM]: Connection[id: 1e86bc35-16f6-45c3-a830-3b6be84cf05d] - connected successfully after 29.123199999332428 milliseconds"}
{"level":"INFO","message":"[10:31:02.064 AM]: Creating new connection object"}
{"level":"INFO","message":"[10:31:02.084 AM]: Creating Connection[id: 754157e3-aa9a-4631-8fc0-d8ed0eb79e0d] with host: CYRMHDX-RW82331.snowflakecomputing.com, account: CYRMHDX-RW82331, accessUrl: https://CYRMHDX-RW82331.snowflakecomputing.com, user: DEMOARGOS, role: ACCOUNTADMIN, database: Argos, schema: Argos_Data, warehouse: COMPUTE_WH, proxy was not configured, password is provided, region: undefined, authenticator: SNOWFLAKE, ocsp mode: FAIL_OPEN, os: win32, os version: 10.0.22621"}
{"level":"INFO","message":"[10:31:02.086 AM]: Connection[id: 754157e3-aa9a-4631-8fc0-d8ed0eb79e0d] additional details: passcode in password is provided, passcode is not provided, private key is not provided, application: undefined, client name: snowflake-sdk, client version: 2.1.3, retry timeout: 300, private key path: undefined, private key pass is not provided, client store temporary credential: false, browser response timeout: 120000"}
{"level":"INFO","message":"[10:31:02.088 AM]: Connection[id: 754157e3-aa9a-4631-8fc0-d8ed0eb79e0d] - connection object created successfully."}
{"level":"INFO","message":"[10:31:02.089 AM]: Connection[id: 754157e3-aa9a-4631-8fc0-d8ed0eb79e0d] - connecting. Associated Snowflake domain: GLOBAL"}
{"level":"INFO","message":"[10:31:02.108 AM]: Connection[id: 754157e3-aa9a-4631-8fc0-d8ed0eb79e0d] - authentication successful using: SNOWFLAKE"}
{"level":"INFO","message":"[10:31:02.109 AM]: Trying to initialize Easy Logging"}
{"level":"INFO","message":"[10:31:02.114 AM]: No client config detected."}
{"level":"INFO","message":"[10:31:02.114 AM]: No config file path found. Client config will not be used."}
{"level":"INFO","message":"[10:31:02.116 AM]: Easy Logging is disabled as no config has been found"}
{"level":"INFO","message":"[10:31:02.123 AM]: Connection[id: 754157e3-aa9a-4631-8fc0-d8ed0eb79e0d] - connected successfully after 33.61649999022484 milliseconds"}
{"level":"INFO","message":"[10:35:04.678 AM]: Creating new connection object"}
{"level":"INFO","message":"[10:35:04.692 AM]: Creating Connection[id: 3bdc1010-b90b-4a26-a247-f81640541db5] with host: CYRMHDX-RW82331.snowflakecomputing.com, account: CYRMHDX-RW82331, accessUrl: https://CYRMHDX-RW82331.snowflakecomputing.com, user: DEMOARGOS, role: ACCOUNTADMIN, database: Argos, schema: Argos_Data, warehouse: COMPUTE_WH, proxy was not configured, password is provided, region: undefined, authenticator: SNOWFLAKE, ocsp mode: FAIL_OPEN, os: win32, os version: 10.0.22621"}
{"level":"INFO","message":"[10:35:04.693 AM]: Connection[id: 3bdc1010-b90b-4a26-a247-f81640541db5] additional details: passcode in password is provided, passcode is not provided, private key is not provided, application: undefined, client name: snowflake-sdk, client version: 2.1.3, retry timeout: 300, private key path: undefined, private key pass is not provided, client store temporary credential: false, browser response timeout: 120000"}
{"level":"INFO","message":"[10:35:04.694 AM]: Connection[id: 3bdc1010-b90b-4a26-a247-f81640541db5] - connection object created successfully."}
{"level":"INFO","message":"[10:35:04.695 AM]: Connection[id: 3bdc1010-b90b-4a26-a247-f81640541db5] - connecting. Associated Snowflake domain: GLOBAL"}
{"level":"INFO","message":"[10:35:04.708 AM]: Connection[id: 3bdc1010-b90b-4a26-a247-f81640541db5] - authentication successful using: SNOWFLAKE"}
{"level":"INFO","message":"[10:35:04.709 AM]: Trying to initialize Easy Logging"}
{"level":"INFO","message":"[10:35:04.712 AM]: No client config detected."}
{"level":"INFO","message":"[10:35:04.712 AM]: No config file path found. Client config will not be used."}
{"level":"INFO","message":"[10:35:04.713 AM]: Easy Logging is disabled as no config has been found"}
{"level":"INFO","message":"[10:35:04.718 AM]: Connection[id: 3bdc1010-b90b-4a26-a247-f81640541db5] - connected successfully after 23.35929998755455 milliseconds"}
{"level":"INFO","message":"[10:35:39.193 AM]: Creating new connection object"}
{"level":"INFO","message":"[10:35:39.206 AM]: Creating Connection[id: 3f775a3c-df58-44e9-853f-e721d09bfdd8] with host: CYRMHDX-RW82331.snowflakecomputing.com, account: CYRMHDX-RW82331, accessUrl: https://CYRMHDX-RW82331.snowflakecomputing.com, user: DEMOARGOS, role: ACCOUNTADMIN, database: Argos, schema: Argos_Data, warehouse: COMPUTE_WH, proxy was not configured, password is provided, region: undefined, authenticator: SNOWFLAKE, ocsp mode: FAIL_OPEN, os: win32, os version: 10.0.22621"}
{"level":"INFO","message":"[10:35:39.207 AM]: Connection[id: 3f775a3c-df58-44e9-853f-e721d09bfdd8] additional details: passcode in password is provided, passcode is not provided, private key is not provided, application: undefined, client name: snowflake-sdk, client version: 2.1.3, retry timeout: 300, private key path: undefined, private key pass is not provided, client store temporary credential: false, browser response timeout: 120000"}
{"level":"INFO","message":"[10:35:39.209 AM]: Connection[id: 3f775a3c-df58-44e9-853f-e721d09bfdd8] - connection object created successfully."}
{"level":"INFO","message":"[10:35:39.210 AM]: Connection[id: 3f775a3c-df58-44e9-853f-e721d09bfdd8] - connecting. Associated Snowflake domain: GLOBAL"}
{"level":"INFO","message":"[10:35:39.226 AM]: Connection[id: 3f775a3c-df58-44e9-853f-e721d09bfdd8] - authentication successful using: SNOWFLAKE"}
{"level":"INFO","message":"[10:35:39.227 AM]: Trying to initialize Easy Logging"}
{"level":"INFO","message":"[10:35:39.231 AM]: No client config detected."}
{"level":"INFO","message":"[10:35:39.232 AM]: No config file path found. Client config will not be used."}
{"level":"INFO","message":"[10:35:39.232 AM]: Easy Logging is disabled as no config has been found"}
{"level":"INFO","message":"[10:35:39.237 AM]: Connection[id: 3f775a3c-df58-44e9-853f-e721d09bfdd8] - connected successfully after 27.31199997663498 milliseconds"}
{"level":"INFO","message":"[10:36:05.086 AM]: Creating new connection object"}
{"level":"INFO","message":"[10:36:05.099 AM]: Creating Connection[id: 58b42cdd-27f7-4298-987c-3c2ba4b651f3] with host: CYRMHDX-RW82331.snowflakecomputing.com, account: CYRMHDX-RW82331, accessUrl: https://CYRMHDX-RW82331.snowflakecomputing.com, user: DEMOARGOS, role: ACCOUNTADMIN, database: Argos, schema: Argos_Data, warehouse: COMPUTE_WH, proxy was not configured, password is provided, region: undefined, authenticator: SNOWFLAKE, ocsp mode: FAIL_OPEN, os: win32, os version: 10.0.22621"}
{"level":"INFO","message":"[10:36:05.100 AM]: Connection[id: 58b42cdd-27f7-4298-987c-3c2ba4b651f3] additional details: passcode in password is provided, passcode is not provided, private key is not provided, application: undefined, client name: snowflake-sdk, client version: 2.1.3, retry timeout: 300, private key path: undefined, private key pass is not provided, client store temporary credential: false, browser response timeout: 120000"}
{"level":"INFO","message":"[10:36:05.101 AM]: Connection[id: 58b42cdd-27f7-4298-987c-3c2ba4b651f3] - connection object created successfully."}
{"level":"INFO","message":"[10:36:05.102 AM]: Connection[id: 58b42cdd-27f7-4298-987c-3c2ba4b651f3] - connecting. Associated Snowflake domain: GLOBAL"}
{"level":"INFO","message":"[10:36:05.114 AM]: Connection[id: 58b42cdd-27f7-4298-987c-3c2ba4b651f3] - authentication successful using: SNOWFLAKE"}
{"level":"INFO","message":"[10:36:05.114 AM]: Trying to initialize Easy Logging"}
{"level":"INFO","message":"[10:36:05.117 AM]: No client config detected."}
{"level":"INFO","message":"[10:36:05.117 AM]: No config file path found. Client config will not be used."}
{"level":"INFO","message":"[10:36:05.117 AM]: Easy Logging is disabled as no config has been found"}
{"level":"INFO","message":"[10:36:05.122 AM]: Connection[id: 58b42cdd-27f7-4298-987c-3c2ba4b651f3] - connected successfully after 20.668400019407272 milliseconds"}
{"level":"INFO","message":"[10:40:25.811 AM]: Creating new connection object"}
{"level":"INFO","message":"[10:40:25.826 AM]: Creating Connection[id: 7dd0b798-f8df-42ef-93ea-9f598d32de57] with host: CYRMHDX-RW82331.snowflakecomputing.com, account: CYRMHDX-RW82331, accessUrl: https://CYRMHDX-RW82331.snowflakecomputing.com, user: DEMOARGOS, role: ACCOUNTADMIN, database: Argos, schema: Argos_Data, warehouse: COMPUTE_WH, proxy was not configured, password is provided, region: undefined, authenticator: SNOWFLAKE, ocsp mode: FAIL_OPEN, os: win32, os version: 10.0.22621"}
{"level":"INFO","message":"[10:40:25.827 AM]: Connection[id: 7dd0b798-f8df-42ef-93ea-9f598d32de57] additional details: passcode in password is provided, passcode is not provided, private key is not provided, application: undefined, client name: snowflake-sdk, client version: 2.1.3, retry timeout: 300, private key path: undefined, private key pass is not provided, client store temporary credential: false, browser response timeout: 120000"}
{"level":"INFO","message":"[10:40:25.828 AM]: Connection[id: 7dd0b798-f8df-42ef-93ea-9f598d32de57] - connection object created successfully."}
{"level":"INFO","message":"[10:40:25.828 AM]: Connection[id: 7dd0b798-f8df-42ef-93ea-9f598d32de57] - connecting. Associated Snowflake domain: GLOBAL"}
{"level":"INFO","message":"[10:40:25.843 AM]: Connection[id: 7dd0b798-f8df-42ef-93ea-9f598d32de57] - authentication successful using: SNOWFLAKE"}
{"level":"INFO","message":"[10:40:25.844 AM]: Trying to initialize Easy Logging"}
{"level":"INFO","message":"[10:40:25.846 AM]: No client config detected."}
{"level":"INFO","message":"[10:40:25.847 AM]: No config file path found. Client config will not be used."}
{"level":"INFO","message":"[10:40:25.847 AM]: Easy Logging is disabled as no config has been found"}
{"level":"INFO","message":"[10:40:25.852 AM]: Connection[id: 7dd0b798-f8df-42ef-93ea-9f598d32de57] - connected successfully after 23.51289999485016 milliseconds"}
{"level":"INFO","message":"[10:41:13.520 AM]: Creating new connection object"}
{"level":"INFO","message":"[10:41:13.543 AM]: Creating Connection[id: 7a756e97-fa7f-4ec9-995e-3a18b7bfc232] with host: CYRMHDX-RW82331.snowflakecomputing.com, account: CYRMHDX-RW82331, accessUrl: https://CYRMHDX-RW82331.snowflakecomputing.com, user: DEMOARGOS, role: ACCOUNTADMIN, database: Argos, schema: Argos_Data, warehouse: COMPUTE_WH, proxy was not configured, password is provided, region: undefined, authenticator: SNOWFLAKE, ocsp mode: FAIL_OPEN, os: win32, os version: 10.0.22621"}
{"level":"INFO","message":"[10:41:13.545 AM]: Connection[id: 7a756e97-fa7f-4ec9-995e-3a18b7bfc232] additional details: passcode in password is provided, passcode is not provided, private key is not provided, application: undefined, client name: snowflake-sdk, client version: 2.1.3, retry timeout: 300, private key path: undefined, private key pass is not provided, client store temporary credential: false, browser response timeout: 120000"}
{"level":"INFO","message":"[10:41:13.547 AM]: Connection[id: 7a756e97-fa7f-4ec9-995e-3a18b7bfc232] - connection object created successfully."}
{"level":"INFO","message":"[10:41:13.548 AM]: Connection[id: 7a756e97-fa7f-4ec9-995e-3a18b7bfc232] - connecting. Associated Snowflake domain: GLOBAL"}
{"level":"INFO","message":"[10:41:13.571 AM]: Connection[id: 7a756e97-fa7f-4ec9-995e-3a18b7bfc232] - authentication successful using: SNOWFLAKE"}
{"level":"INFO","message":"[10:41:13.572 AM]: Trying to initialize Easy Logging"}
{"level":"INFO","message":"[10:41:13.577 AM]: No client config detected."}
{"level":"INFO","message":"[10:41:13.578 AM]: No config file path found. Client config will not be used."}
{"level":"INFO","message":"[10:41:13.579 AM]: Easy Logging is disabled as no config has been found"}
{"level":"INFO","message":"[10:41:13.586 AM]: Connection[id: 7a756e97-fa7f-4ec9-995e-3a18b7bfc232] - connected successfully after 38.35230001807213 milliseconds"}
{"level":"INFO","message":"[10:41:51.273 AM]: Creating new connection object"}
{"level":"INFO","message":"[10:41:51.287 AM]: Creating Connection[id: 792095f3-e839-46ba-a17b-228a4ac7ca9b] with host: CYRMHDX-RW82331.snowflakecomputing.com, account: CYRMHDX-RW82331, accessUrl: https://CYRMHDX-RW82331.snowflakecomputing.com, user: DEMOARGOS, role: ACCOUNTADMIN, database: Argos, schema: Argos_Data, warehouse: COMPUTE_WH, proxy was not configured, password is provided, region: undefined, authenticator: SNOWFLAKE, ocsp mode: FAIL_OPEN, os: win32, os version: 10.0.22621"}
{"level":"INFO","message":"[10:41:51.288 AM]: Connection[id: 792095f3-e839-46ba-a17b-228a4ac7ca9b] additional details: passcode in password is provided, passcode is not provided, private key is not provided, application: undefined, client name: snowflake-sdk, client version: 2.1.3, retry timeout: 300, private key path: undefined, private key pass is not provided, client store temporary credential: false, browser response timeout: 120000"}
{"level":"INFO","message":"[10:41:51.289 AM]: Connection[id: 792095f3-e839-46ba-a17b-228a4ac7ca9b] - connection object created successfully."}
{"level":"INFO","message":"[10:41:51.290 AM]: Connection[id: 792095f3-e839-46ba-a17b-228a4ac7ca9b] - connecting. Associated Snowflake domain: GLOBAL"}
{"level":"INFO","message":"[10:41:51.319 AM]: Connection[id: 792095f3-e839-46ba-a17b-228a4ac7ca9b] - authentication successful using: SNOWFLAKE"}
{"level":"INFO","message":"[10:41:51.320 AM]: Trying to initialize Easy Logging"}
{"level":"INFO","message":"[10:41:51.322 AM]: No client config detected."}
{"level":"INFO","message":"[10:41:51.322 AM]: No config file path found. Client config will not be used."}
{"level":"INFO","message":"[10:41:51.323 AM]: Easy Logging is disabled as no config has been found"}
{"level":"INFO","message":"[10:41:51.327 AM]: Connection[id: 792095f3-e839-46ba-a17b-228a4ac7ca9b] - connected successfully after 37.78099998831749 milliseconds"}
{"level":"INFO","message":"[10:42:10.523 AM]: Creating new connection object"}
{"level":"INFO","message":"[10:42:10.539 AM]: Creating Connection[id: 0bc41cdd-a2b6-4e39-9fb2-5676e9243fe6] with host: CYRMHDX-RW82331.snowflakecomputing.com, account: CYRMHDX-RW82331, accessUrl: https://CYRMHDX-RW82331.snowflakecomputing.com, user: DEMOARGOS, role: ACCOUNTADMIN, database: Argos, schema: Argos_Data, warehouse: COMPUTE_WH, proxy was not configured, password is provided, region: undefined, authenticator: SNOWFLAKE, ocsp mode: FAIL_OPEN, os: win32, os version: 10.0.22621"}
{"level":"INFO","message":"[10:42:10.540 AM]: Connection[id: 0bc41cdd-a2b6-4e39-9fb2-5676e9243fe6] additional details: passcode in password is provided, passcode is not provided, private key is not provided, application: undefined, client name: snowflake-sdk, client version: 2.1.3, retry timeout: 300, private key path: undefined, private key pass is not provided, client store temporary credential: false, browser response timeout: 120000"}
{"level":"INFO","message":"[10:42:10.541 AM]: Connection[id: 0bc41cdd-a2b6-4e39-9fb2-5676e9243fe6] - connection object created successfully."}
{"level":"INFO","message":"[10:42:10.542 AM]: Connection[id: 0bc41cdd-a2b6-4e39-9fb2-5676e9243fe6] - connecting. Associated Snowflake domain: GLOBAL"}
{"level":"INFO","message":"[10:42:10.573 AM]: Connection[id: 0bc41cdd-a2b6-4e39-9fb2-5676e9243fe6] - authentication successful using: SNOWFLAKE"}
{"level":"INFO","message":"[10:42:10.574 AM]: Trying to initialize Easy Logging"}
{"level":"INFO","message":"[10:42:10.576 AM]: No client config detected."}
{"level":"INFO","message":"[10:42:10.577 AM]: No config file path found. Client config will not be used."}
{"level":"INFO","message":"[10:42:10.577 AM]: Easy Logging is disabled as no config has been found"}
{"level":"INFO","message":"[10:42:10.582 AM]: Connection[id: 0bc41cdd-a2b6-4e39-9fb2-5676e9243fe6] - connected successfully after 40.26759999990463 milliseconds"}
{"level":"INFO","message":"[10:43:34.956 AM]: Creating new connection object"}
{"level":"INFO","message":"[10:43:34.969 AM]: Creating Connection[id: ff6c5437-c8f8-4a68-817a-65adefdee10a] with host: CYRMHDX-RW82331.snowflakecomputing.com, account: CYRMHDX-RW82331, accessUrl: https://CYRMHDX-RW82331.snowflakecomputing.com, user: DEMOARGOS, role: ACCOUNTADMIN, database: Argos, schema: Argos_Data, warehouse: COMPUTE_WH, proxy was not configured, password is provided, region: undefined, authenticator: SNOWFLAKE, ocsp mode: FAIL_OPEN, os: win32, os version: 10.0.22621"}
{"level":"INFO","message":"[10:43:34.970 AM]: Connection[id: ff6c5437-c8f8-4a68-817a-65adefdee10a] additional details: passcode in password is provided, passcode is not provided, private key is not provided, application: undefined, client name: snowflake-sdk, client version: 2.1.3, retry timeout: 300, private key path: undefined, private key pass is not provided, client store temporary credential: false, browser response timeout: 120000"}
{"level":"INFO","message":"[10:43:34.972 AM]: Connection[id: ff6c5437-c8f8-4a68-817a-65adefdee10a] - connection object created successfully."}
{"level":"INFO","message":"[10:43:34.972 AM]: Connection[id: ff6c5437-c8f8-4a68-817a-65adefdee10a] - connecting. Associated Snowflake domain: GLOBAL"}
{"level":"INFO","message":"[10:43:34.978 AM]: Connection[id: ff6c5437-c8f8-4a68-817a-65adefdee10a] - authentication successful using: SNOWFLAKE"}
{"level":"INFO","message":"[10:43:34.979 AM]: Trying to initialize Easy Logging"}
{"level":"INFO","message":"[10:43:34.981 AM]: No client config detected."}
{"level":"INFO","message":"[10:43:34.981 AM]: No config file path found. Client config will not be used."}
{"level":"INFO","message":"[10:43:34.982 AM]: Easy Logging is disabled as no config has been found"}
{"level":"INFO","message":"[10:43:34.987 AM]: Connection[id: ff6c5437-c8f8-4a68-817a-65adefdee10a] - connected successfully after 14.749300003051758 milliseconds"}
{"level":"INFO","message":"[10:52:09.798 AM]: Creating new connection object"}
{"level":"INFO","message":"[10:52:09.814 AM]: Creating Connection[id: d9d5b675-9e70-4538-8ab4-c668ba798230] with host: CYRMHDX-RW82331.snowflakecomputing.com, account: CYRMHDX-RW82331, accessUrl: https://CYRMHDX-RW82331.snowflakecomputing.com, user: DEMOARGOS, role: ACCOUNTADMIN, database: Argos, schema: Argos_Data, warehouse: COMPUTE_WH, proxy was not configured, password is provided, region: undefined, authenticator: SNOWFLAKE, ocsp mode: FAIL_OPEN, os: win32, os version: 10.0.22621"}
{"level":"INFO","message":"[10:52:09.815 AM]: Connection[id: d9d5b675-9e70-4538-8ab4-c668ba798230] additional details: passcode in password is provided, passcode is not provided, private key is not provided, application: undefined, client name: snowflake-sdk, client version: 2.1.3, retry timeout: 300, private key path: undefined, private key pass is not provided, client store temporary credential: false, browser response timeout: 120000"}
{"level":"INFO","message":"[10:52:09.816 AM]: Connection[id: d9d5b675-9e70-4538-8ab4-c668ba798230] - connection object created successfully."}
{"level":"INFO","message":"[10:52:09.817 AM]: Connection[id: d9d5b675-9e70-4538-8ab4-c668ba798230] - connecting. Associated Snowflake domain: GLOBAL"}
{"level":"INFO","message":"[10:52:09.822 AM]: Connection[id: d9d5b675-9e70-4538-8ab4-c668ba798230] - authentication successful using: SNOWFLAKE"}
{"level":"INFO","message":"[10:52:09.823 AM]: Trying to initialize Easy Logging"}
{"level":"INFO","message":"[10:52:09.826 AM]: No client config detected."}
{"level":"INFO","message":"[10:52:09.826 AM]: No config file path found. Client config will not be used."}
{"level":"INFO","message":"[10:52:09.827 AM]: Easy Logging is disabled as no config has been found"}
{"level":"INFO","message":"[10:52:09.832 AM]: Connection[id: d9d5b675-9e70-4538-8ab4-c668ba798230] - connected successfully after 15.008500009775162 milliseconds"}
{"level":"INFO","message":"[10:52:39.993 AM]: Creating new connection object"}
{"level":"INFO","message":"[10:52:40.008 AM]: Creating Connection[id: 8e488b3e-c89f-486d-83de-4d5a55405621] with host: CYRMHDX-RW82331.snowflakecomputing.com, account: CYRMHDX-RW82331, accessUrl: https://CYRMHDX-RW82331.snowflakecomputing.com, user: DEMOARGOS, role: ACCOUNTADMIN, database: Argos, schema: Argos_Data, warehouse: COMPUTE_WH, proxy was not configured, password is provided, region: undefined, authenticator: SNOWFLAKE, ocsp mode: FAIL_OPEN, os: win32, os version: 10.0.22621"}
{"level":"INFO","message":"[10:52:40.009 AM]: Connection[id: 8e488b3e-c89f-486d-83de-4d5a55405621] additional details: passcode in password is provided, passcode is not provided, private key is not provided, application: undefined, client name: snowflake-sdk, client version: 2.1.3, retry timeout: 300, private key path: undefined, private key pass is not provided, client store temporary credential: false, browser response timeout: 120000"}
{"level":"INFO","message":"[10:52:40.011 AM]: Connection[id: 8e488b3e-c89f-486d-83de-4d5a55405621] - connection object created successfully."}
{"level":"INFO","message":"[10:52:40.012 AM]: Connection[id: 8e488b3e-c89f-486d-83de-4d5a55405621] - connecting. Associated Snowflake domain: GLOBAL"}
{"level":"INFO","message":"[10:52:40.018 AM]: Connection[id: 8e488b3e-c89f-486d-83de-4d5a55405621] - authentication successful using: SNOWFLAKE"}
{"level":"INFO","message":"[10:52:40.019 AM]: Trying to initialize Easy Logging"}
{"level":"INFO","message":"[10:52:40.022 AM]: No client config detected."}
{"level":"INFO","message":"[10:52:40.022 AM]: No config file path found. Client config will not be used."}
{"level":"INFO","message":"[10:52:40.023 AM]: Easy Logging is disabled as no config has been found"}
{"level":"INFO","message":"[10:52:40.029 AM]: Connection[id: 8e488b3e-c89f-486d-83de-4d5a55405621] - connected successfully after 17.88510000705719 milliseconds"}
{"level":"INFO","message":"[10:54:06.612 AM]: Creating new connection object"}
{"level":"INFO","message":"[10:54:06.626 AM]: Creating Connection[id: 8d178d7a-1193-4ff4-8593-ad1eb5a4f900] with host: CYRMHDX-RW82331.snowflakecomputing.com, account: CYRMHDX-RW82331, accessUrl: https://CYRMHDX-RW82331.snowflakecomputing.com, user: DEMOARGOS, role: undefined, database: Argos, schema: Argos_Data, warehouse: COMPUTE_WH, proxy was not configured, password is provided, region: undefined, authenticator: SNOWFLAKE, ocsp mode: FAIL_OPEN, os: win32, os version: 10.0.22621"}
{"level":"INFO","message":"[10:54:06.626 AM]: Connection[id: 8d178d7a-1193-4ff4-8593-ad1eb5a4f900] additional details: passcode in password is provided, passcode is not provided, private key is not provided, application: undefined, client name: snowflake-sdk, client version: 2.1.3, retry timeout: 300, private key path: undefined, private key pass is not provided, client store temporary credential: false, browser response timeout: 120000"}
{"level":"INFO","message":"[10:54:06.628 AM]: Connection[id: 8d178d7a-1193-4ff4-8593-ad1eb5a4f900] - connection object created successfully."}
{"level":"INFO","message":"[10:54:06.629 AM]: Connection[id: 8d178d7a-1193-4ff4-8593-ad1eb5a4f900] - connecting. Associated Snowflake domain: GLOBAL"}
{"level":"INFO","message":"[10:54:06.634 AM]: Connection[id: 8d178d7a-1193-4ff4-8593-ad1eb5a4f900] - authentication successful using: SNOWFLAKE"}
{"level":"INFO","message":"[10:54:06.634 AM]: Trying to initialize Easy Logging"}
{"level":"INFO","message":"[10:54:06.636 AM]: No client config detected."}
{"level":"INFO","message":"[10:54:06.637 AM]: No config file path found. Client config will not be used."}
{"level":"INFO","message":"[10:54:06.638 AM]: Easy Logging is disabled as no config has been found"}
{"level":"INFO","message":"[10:54:06.642 AM]: Connection[id: 8d178d7a-1193-4ff4-8593-ad1eb5a4f900] - connected successfully after 13.378899991512299 milliseconds"}
{"level":"INFO","message":"[10:55:34.514 AM]: Creating new connection object"}
{"level":"INFO","message":"[10:55:34.530 AM]: Creating Connection[id: b716846b-b5f3-4b7e-84f1-dbd2e744dccd] with host: CYRMHDX-RW82331.snowflakecomputing.com, account: CYRMHDX-RW82331, accessUrl: https://CYRMHDX-RW82331.snowflakecomputing.com, user: DEMOARGOS, role: undefined, database: Argos, schema: Argos_Data, warehouse: COMPUTE_WH, proxy was not configured, password is provided, region: undefined, authenticator: SNOWFLAKE, ocsp mode: FAIL_OPEN, os: win32, os version: 10.0.22621"}
{"level":"INFO","message":"[10:55:34.531 AM]: Connection[id: b716846b-b5f3-4b7e-84f1-dbd2e744dccd] additional details: passcode in password is provided, passcode is not provided, private key is not provided, application: undefined, client name: snowflake-sdk, client version: 2.1.3, retry timeout: 300, private key path: undefined, private key pass is not provided, client store temporary credential: false, browser response timeout: 120000"}
{"level":"INFO","message":"[10:55:34.532 AM]: Connection[id: b716846b-b5f3-4b7e-84f1-dbd2e744dccd] - connection object created successfully."}
{"level":"INFO","message":"[10:55:34.533 AM]: Connection[id: b716846b-b5f3-4b7e-84f1-dbd2e744dccd] - connecting. Associated Snowflake domain: GLOBAL"}
{"level":"INFO","message":"[10:55:34.539 AM]: Connection[id: b716846b-b5f3-4b7e-84f1-dbd2e744dccd] - authentication successful using: SNOWFLAKE"}
{"level":"INFO","message":"[10:55:34.540 AM]: Trying to initialize Easy Logging"}
{"level":"INFO","message":"[10:55:34.542 AM]: No client config detected."}
{"level":"INFO","message":"[10:55:34.543 AM]: No config file path found. Client config will not be used."}
{"level":"INFO","message":"[10:55:34.543 AM]: Easy Logging is disabled as no config has been found"}
{"level":"INFO","message":"[10:55:34.550 AM]: Connection[id: b716846b-b5f3-4b7e-84f1-dbd2e744dccd] - connected successfully after 16.852299988269806 milliseconds"}
{"level":"INFO","message":"[10:55:38.894 AM]: Creating new connection object"}
{"level":"INFO","message":"[10:55:38.910 AM]: Creating Connection[id: 855f12eb-5608-483a-aec3-37322a46f578] with host: CYRMHDX-RW82331.snowflakecomputing.com, account: CYRMHDX-RW82331, accessUrl: https://CYRMHDX-RW82331.snowflakecomputing.com, user: DEMOARGOS, role: undefined, database: Argos, schema: Argos_Data, warehouse: COMPUTE_WH, proxy was not configured, password is provided, region: undefined, authenticator: SNOWFLAKE, ocsp mode: FAIL_OPEN, os: win32, os version: 10.0.22621"}
{"level":"INFO","message":"[10:55:38.911 AM]: Connection[id: 855f12eb-5608-483a-aec3-37322a46f578] additional details: passcode in password is provided, passcode is not provided, private key is not provided, application: undefined, client name: snowflake-sdk, client version: 2.1.3, retry timeout: 300, private key path: undefined, private key pass is not provided, client store temporary credential: false, browser response timeout: 120000"}
{"level":"INFO","message":"[10:55:38.913 AM]: Connection[id: 855f12eb-5608-483a-aec3-37322a46f578] - connection object created successfully."}
{"level":"INFO","message":"[10:55:38.914 AM]: Connection[id: 855f12eb-5608-483a-aec3-37322a46f578] - connecting. Associated Snowflake domain: GLOBAL"}
{"level":"INFO","message":"[10:55:38.921 AM]: Connection[id: 855f12eb-5608-483a-aec3-37322a46f578] - authentication successful using: SNOWFLAKE"}
{"level":"INFO","message":"[10:55:38.922 AM]: Trying to initialize Easy Logging"}
{"level":"INFO","message":"[10:55:38.925 AM]: No client config detected."}
{"level":"INFO","message":"[10:55:38.926 AM]: No config file path found. Client config will not be used."}
{"level":"INFO","message":"[10:55:38.927 AM]: Easy Logging is disabled as no config has been found"}
{"level":"INFO","message":"[10:55:38.934 AM]: Connection[id: 855f12eb-5608-483a-aec3-37322a46f578] - connected successfully after 19.834500014781952 milliseconds"}
{"level":"INFO","message":"[11:06:17.426 AM]: Creating new connection object"}
{"level":"INFO","message":"[11:06:17.441 AM]: Creating Connection[id: d888bc93-7aee-4ead-82be-d257336d9fac] with host: CYRMHDX-RW82331.snowflakecomputing.com, account: CYRMHDX-RW82331, accessUrl: https://CYRMHDX-RW82331.snowflakecomputing.com, user: DEMOARGOS, role: undefined, database: Argos, schema: Argos_Data, warehouse: COMPUTE_WH, proxy was not configured, password is provided, region: undefined, authenticator: SNOWFLAKE, ocsp mode: FAIL_OPEN, os: win32, os version: 10.0.22621"}
{"level":"INFO","message":"[11:06:17.442 AM]: Connection[id: d888bc93-7aee-4ead-82be-d257336d9fac] additional details: passcode in password is provided, passcode is not provided, private key is not provided, application: undefined, client name: snowflake-sdk, client version: 2.1.3, retry timeout: 300, private key path: undefined, private key pass is not provided, client store temporary credential: false, browser response timeout: 120000"}
{"level":"INFO","message":"[11:06:17.443 AM]: Connection[id: d888bc93-7aee-4ead-82be-d257336d9fac] - connection object created successfully."}
{"level":"INFO","message":"[11:06:17.444 AM]: Connection[id: d888bc93-7aee-4ead-82be-d257336d9fac] - connecting. Associated Snowflake domain: GLOBAL"}
{"level":"INFO","message":"[11:06:17.450 AM]: Connection[id: d888bc93-7aee-4ead-82be-d257336d9fac] - authentication successful using: SNOWFLAKE"}
{"level":"INFO","message":"[11:06:17.451 AM]: Trying to initialize Easy Logging"}
{"level":"INFO","message":"[11:06:17.454 AM]: No client config detected."}
{"level":"INFO","message":"[11:06:17.454 AM]: No config file path found. Client config will not be used."}
{"level":"INFO","message":"[11:06:17.455 AM]: Easy Logging is disabled as no config has been found"}
{"level":"INFO","message":"[11:06:17.460 AM]: Connection[id: d888bc93-7aee-4ead-82be-d257336d9fac] - connected successfully after 16.70039999485016 milliseconds"}
{"level":"INFO","message":"[11:11:17.616 AM]: Creating new connection object"}
{"level":"INFO","message":"[11:11:17.633 AM]: Creating Connection[id: 23f319fb-ce7d-4175-a2e9-7143b76243c5] with host: CYRMHDX-RW82331.snowflakecomputing.com, account: CYRMHDX-RW82331, accessUrl: https://CYRMHDX-RW82331.snowflakecomputing.com, user: DEMOARGOS, role: undefined, database: Argos, schema: Argos_Data, warehouse: COMPUTE_WH, proxy was not configured, password is provided, region: undefined, authenticator: SNOWFLAKE, ocsp mode: FAIL_OPEN, os: win32, os version: 10.0.22621"}
{"level":"INFO","message":"[11:11:17.634 AM]: Connection[id: 23f319fb-ce7d-4175-a2e9-7143b76243c5] additional details: passcode in password is provided, passcode is not provided, private key is not provided, application: undefined, client name: snowflake-sdk, client version: 2.1.3, retry timeout: 300, private key path: undefined, private key pass is not provided, client store temporary credential: false, browser response timeout: 120000"}
{"level":"INFO","message":"[11:11:17.635 AM]: Connection[id: 23f319fb-ce7d-4175-a2e9-7143b76243c5] - connection object created successfully."}
{"level":"INFO","message":"[11:11:17.636 AM]: Connection[id: 23f319fb-ce7d-4175-a2e9-7143b76243c5] - connecting. Associated Snowflake domain: GLOBAL"}
{"level":"INFO","message":"[11:11:17.642 AM]: Connection[id: 23f319fb-ce7d-4175-a2e9-7143b76243c5] - authentication successful using: SNOWFLAKE"}
{"level":"INFO","message":"[11:11:17.643 AM]: Trying to initialize Easy Logging"}
{"level":"INFO","message":"[11:11:17.645 AM]: No client config detected."}
{"level":"INFO","message":"[11:11:17.646 AM]: No config file path found. Client config will not be used."}
{"level":"INFO","message":"[11:11:17.646 AM]: Easy Logging is disabled as no config has been found"}
{"level":"INFO","message":"[11:11:17.652 AM]: Connection[id: 23f319fb-ce7d-4175-a2e9-7143b76243c5] - connected successfully after 15.773900002241135 milliseconds"}
{"level":"INFO","message":"[11:12:24.351 AM]: Creating new connection object"}
{"level":"INFO","message":"[11:12:24.364 AM]: Creating Connection[id: c8f49523-7d6e-4edb-858b-b5fb6eeb5266] with host: CYRMHDX-RW82331.snowflakecomputing.com, account: CYRMHDX-RW82331, accessUrl: https://CYRMHDX-RW82331.snowflakecomputing.com, user: DEMOARGOS, role: undefined, database: Argos, schema: Argos_Data, warehouse: COMPUTE_WH, proxy was not configured, password is provided, region: undefined, authenticator: SNOWFLAKE, ocsp mode: FAIL_OPEN, os: win32, os version: 10.0.22621"}
{"level":"INFO","message":"[11:12:24.365 AM]: Connection[id: c8f49523-7d6e-4edb-858b-b5fb6eeb5266] additional details: passcode in password is provided, passcode is not provided, private key is not provided, application: undefined, client name: snowflake-sdk, client version: 2.1.3, retry timeout: 300, private key path: undefined, private key pass is not provided, client store temporary credential: false, browser response timeout: 120000"}
{"level":"INFO","message":"[11:12:24.366 AM]: Connection[id: c8f49523-7d6e-4edb-858b-b5fb6eeb5266] - connection object created successfully."}
{"level":"INFO","message":"[11:12:24.366 AM]: Connection[id: c8f49523-7d6e-4edb-858b-b5fb6eeb5266] - connecting. Associated Snowflake domain: GLOBAL"}
{"level":"INFO","message":"[11:12:24.372 AM]: Connection[id: c8f49523-7d6e-4edb-858b-b5fb6eeb5266] - authentication successful using: SNOWFLAKE"}
{"level":"INFO","message":"[11:12:24.372 AM]: Trying to initialize Easy Logging"}
{"level":"INFO","message":"[11:12:24.375 AM]: No client config detected."}
{"level":"INFO","message":"[11:12:24.375 AM]: No config file path found. Client config will not be used."}
{"level":"INFO","message":"[11:12:24.376 AM]: Easy Logging is disabled as no config has been found"}
{"level":"INFO","message":"[11:12:24.382 AM]: Connection[id: c8f49523-7d6e-4edb-858b-b5fb6eeb5266] - connected successfully after 15.68589997291565 milliseconds"}
{"level":"INFO","message":"[11:12:39.665 AM]: Creating new connection object"}
{"level":"INFO","message":"[11:12:39.678 AM]: Creating Connection[id: 61b64951-e6bd-4f90-99e3-37fc22f6327b] with host: CYRMHDX-RW82331.snowflakecomputing.com, account: CYRMHDX-RW82331, accessUrl: https://CYRMHDX-RW82331.snowflakecomputing.com, user: DEMOARGOS, role: undefined, database: Argos, schema: Argos_Data, warehouse: COMPUTE_WH, proxy was not configured, password is provided, region: undefined, authenticator: SNOWFLAKE, ocsp mode: FAIL_OPEN, os: win32, os version: 10.0.22621"}
{"level":"INFO","message":"[11:12:39.679 AM]: Connection[id: 61b64951-e6bd-4f90-99e3-37fc22f6327b] additional details: passcode in password is provided, passcode is not provided, private key is not provided, application: undefined, client name: snowflake-sdk, client version: 2.1.3, retry timeout: 300, private key path: undefined, private key pass is not provided, client store temporary credential: false, browser response timeout: 120000"}
{"level":"INFO","message":"[11:12:39.680 AM]: Connection[id: 61b64951-e6bd-4f90-99e3-37fc22f6327b] - connection object created successfully."}
{"level":"INFO","message":"[11:12:39.681 AM]: Connection[id: 61b64951-e6bd-4f90-99e3-37fc22f6327b] - connecting. Associated Snowflake domain: GLOBAL"}
{"level":"INFO","message":"[11:12:39.685 AM]: Connection[id: 61b64951-e6bd-4f90-99e3-37fc22f6327b] - authentication successful using: SNOWFLAKE"}
{"level":"INFO","message":"[11:12:39.686 AM]: Trying to initialize Easy Logging"}
{"level":"INFO","message":"[11:12:39.689 AM]: No client config detected."}
{"level":"INFO","message":"[11:12:39.689 AM]: No config file path found. Client config will not be used."}
{"level":"INFO","message":"[11:12:39.690 AM]: Easy Logging is disabled as no config has been found"}
{"level":"INFO","message":"[11:12:39.694 AM]: Connection[id: 61b64951-e6bd-4f90-99e3-37fc22f6327b] - connected successfully after 13.80809998512268 milliseconds"}
{"level":"INFO","message":"[11:14:08.174 AM]: Creating new connection object"}
{"level":"INFO","message":"[11:14:08.187 AM]: Creating Connection[id: b6a1a4d4-7b56-495c-8a5b-81c1fba86a88] with host: CYRMHDX-RW82331.snowflakecomputing.com, account: CYRMHDX-RW82331, accessUrl: https://CYRMHDX-RW82331.snowflakecomputing.com, user: DEMOARGOS, role: undefined, database: Argos, schema: Argos_Data, warehouse: COMPUTE_WH, proxy was not configured, password is provided, region: undefined, authenticator: SNOWFLAKE, ocsp mode: FAIL_OPEN, os: win32, os version: 10.0.22621"}
{"level":"INFO","message":"[11:14:08.188 AM]: Connection[id: b6a1a4d4-7b56-495c-8a5b-81c1fba86a88] additional details: passcode in password is provided, passcode is not provided, private key is not provided, application: undefined, client name: snowflake-sdk, client version: 2.1.3, retry timeout: 300, private key path: undefined, private key pass is not provided, client store temporary credential: false, browser response timeout: 120000"}
{"level":"INFO","message":"[11:14:08.190 AM]: Connection[id: b6a1a4d4-7b56-495c-8a5b-81c1fba86a88] - connection object created successfully."}
{"level":"INFO","message":"[11:14:08.190 AM]: Connection[id: b6a1a4d4-7b56-495c-8a5b-81c1fba86a88] - connecting. Associated Snowflake domain: GLOBAL"}
{"level":"INFO","message":"[11:14:08.195 AM]: Connection[id: b6a1a4d4-7b56-495c-8a5b-81c1fba86a88] - authentication successful using: SNOWFLAKE"}
{"level":"INFO","message":"[11:14:08.196 AM]: Trying to initialize Easy Logging"}
{"level":"INFO","message":"[11:14:08.198 AM]: No client config detected."}
{"level":"INFO","message":"[11:14:08.198 AM]: No config file path found. Client config will not be used."}
{"level":"INFO","message":"[11:14:08.199 AM]: Easy Logging is disabled as no config has been found"}
{"level":"INFO","message":"[11:14:08.203 AM]: Connection[id: b6a1a4d4-7b56-495c-8a5b-81c1fba86a88] - connected successfully after 12.88960000872612 milliseconds"}
{"level":"INFO","message":"[11:15:17.223 AM]: Creating new connection object"}
{"level":"INFO","message":"[11:15:17.236 AM]: Creating Connection[id: 0cdc4e9c-c24b-44be-9771-5ab825719ef4] with host: CYRMHDX-RW82331.snowflakecomputing.com, account: CYRMHDX-RW82331, accessUrl: https://CYRMHDX-RW82331.snowflakecomputing.com, user: DEMOARGOS, role: undefined, database: Argos, schema: Argos_Data, warehouse: COMPUTE_WH, proxy was not configured, password is provided, region: undefined, authenticator: SNOWFLAKE, ocsp mode: FAIL_OPEN, os: win32, os version: 10.0.22621"}
{"level":"INFO","message":"[11:15:17.237 AM]: Connection[id: 0cdc4e9c-c24b-44be-9771-5ab825719ef4] additional details: passcode in password is provided, passcode is not provided, private key is not provided, application: undefined, client name: snowflake-sdk, client version: 2.1.3, retry timeout: 300, private key path: undefined, private key pass is not provided, client store temporary credential: false, browser response timeout: 120000"}
{"level":"INFO","message":"[11:15:17.238 AM]: Connection[id: 0cdc4e9c-c24b-44be-9771-5ab825719ef4] - connection object created successfully."}
{"level":"INFO","message":"[11:15:17.239 AM]: Connection[id: 0cdc4e9c-c24b-44be-9771-5ab825719ef4] - connecting. Associated Snowflake domain: GLOBAL"}
{"level":"INFO","message":"[11:15:17.244 AM]: Connection[id: 0cdc4e9c-c24b-44be-9771-5ab825719ef4] - authentication successful using: SNOWFLAKE"}
{"level":"INFO","message":"[11:15:17.244 AM]: Trying to initialize Easy Logging"}
{"level":"INFO","message":"[11:15:17.246 AM]: No client config detected."}
{"level":"INFO","message":"[11:15:17.247 AM]: No config file path found. Client config will not be used."}
{"level":"INFO","message":"[11:15:17.247 AM]: Easy Logging is disabled as no config has been found"}
{"level":"INFO","message":"[11:15:17.252 AM]: Connection[id: 0cdc4e9c-c24b-44be-9771-5ab825719ef4] - connected successfully after 13.108399987220764 milliseconds"}
{"level":"INFO","message":"[11:17:56.498 AM]: Creating new connection object"}
{"level":"INFO","message":"[11:17:56.511 AM]: Creating Connection[id: 60f97dd5-de9d-4a32-9931-48c3e5ffc8f1] with host: CYRMHDX-RW82331.snowflakecomputing.com, account: CYRMHDX-RW82331, accessUrl: https://CYRMHDX-RW82331.snowflakecomputing.com, user: DEMOARGOS, role: undefined, database: Argos, schema: Argos_Data, warehouse: COMPUTE_WH, proxy was not configured, password is provided, region: undefined, authenticator: SNOWFLAKE, ocsp mode: FAIL_OPEN, os: win32, os version: 10.0.22621"}
{"level":"INFO","message":"[11:17:56.512 AM]: Connection[id: 60f97dd5-de9d-4a32-9931-48c3e5ffc8f1] additional details: passcode in password is provided, passcode is not provided, private key is not provided, application: undefined, client name: snowflake-sdk, client version: 2.1.3, retry timeout: 300, private key path: undefined, private key pass is not provided, client store temporary credential: false, browser response timeout: 120000"}
{"level":"INFO","message":"[11:17:56.514 AM]: Connection[id: 60f97dd5-de9d-4a32-9931-48c3e5ffc8f1] - connection object created successfully."}
{"level":"INFO","message":"[11:17:56.515 AM]: Connection[id: 60f97dd5-de9d-4a32-9931-48c3e5ffc8f1] - connecting. Associated Snowflake domain: GLOBAL"}
{"level":"INFO","message":"[11:17:56.520 AM]: Connection[id: 60f97dd5-de9d-4a32-9931-48c3e5ffc8f1] - authentication successful using: SNOWFLAKE"}
{"level":"INFO","message":"[11:17:56.521 AM]: Trying to initialize Easy Logging"}
{"level":"INFO","message":"[11:17:56.523 AM]: No client config detected."}
{"level":"INFO","message":"[11:17:56.523 AM]: No config file path found. Client config will not be used."}
{"level":"INFO","message":"[11:17:56.524 AM]: Easy Logging is disabled as no config has been found"}
{"level":"INFO","message":"[11:17:56.529 AM]: Connection[id: 60f97dd5-de9d-4a32-9931-48c3e5ffc8f1] - connected successfully after 14.719099998474121 milliseconds"}
{"level":"INFO","message":"[11:21:20.551 AM]: Creating new connection object"}
{"level":"INFO","message":"[11:21:20.565 AM]: Creating Connection[id: 0168a815-b3ec-42eb-ba95-a26bef3adfbf] with host: CYRMHDX-RW82331.snowflakecomputing.com, account: CYRMHDX-RW82331, accessUrl: https://CYRMHDX-RW82331.snowflakecomputing.com, user: DEMOARGOS, role: undefined, database: Argos, schema: Argos_Data, warehouse: COMPUTE_WH, proxy was not configured, password is provided, region: undefined, authenticator: SNOWFLAKE, ocsp mode: FAIL_OPEN, os: win32, os version: 10.0.22621"}
{"level":"INFO","message":"[11:21:20.566 AM]: Connection[id: 0168a815-b3ec-42eb-ba95-a26bef3adfbf] additional details: passcode in password is provided, passcode is not provided, private key is not provided, application: undefined, client name: snowflake-sdk, client version: 2.1.3, retry timeout: 300, private key path: undefined, private key pass is not provided, client store temporary credential: false, browser response timeout: 120000"}
{"level":"INFO","message":"[11:21:20.567 AM]: Connection[id: 0168a815-b3ec-42eb-ba95-a26bef3adfbf] - connection object created successfully."}
{"level":"INFO","message":"[11:21:20.568 AM]: Connection[id: 0168a815-b3ec-42eb-ba95-a26bef3adfbf] - connecting. Associated Snowflake domain: GLOBAL"}
{"level":"INFO","message":"[11:21:20.575 AM]: Connection[id: 0168a815-b3ec-42eb-ba95-a26bef3adfbf] - authentication successful using: SNOWFLAKE"}
{"level":"INFO","message":"[11:21:20.576 AM]: Trying to initialize Easy Logging"}
{"level":"INFO","message":"[11:21:20.578 AM]: No client config detected."}
{"level":"INFO","message":"[11:21:20.579 AM]: No config file path found. Client config will not be used."}
{"level":"INFO","message":"[11:21:20.579 AM]: Easy Logging is disabled as no config has been found"}
{"level":"INFO","message":"[11:21:20.585 AM]: Connection[id: 0168a815-b3ec-42eb-ba95-a26bef3adfbf] - connected successfully after 17.62099999189377 milliseconds"}
{"level":"INFO","message":"[11:21:26.850 AM]: Creating new connection object"}
{"level":"INFO","message":"[11:21:26.862 AM]: Creating Connection[id: fb41a128-bd9e-4173-a331-363bb43a6873] with host: CYRMHDX-RW82331.snowflakecomputing.com, account: CYRMHDX-RW82331, accessUrl: https://CYRMHDX-RW82331.snowflakecomputing.com, user: DEMOARGOS, role: undefined, database: Argos, schema: Argos_Data, warehouse: COMPUTE_WH, proxy was not configured, password is provided, region: undefined, authenticator: SNOWFLAKE, ocsp mode: FAIL_OPEN, os: win32, os version: 10.0.22621"}
{"level":"INFO","message":"[11:21:26.863 AM]: Connection[id: fb41a128-bd9e-4173-a331-363bb43a6873] additional details: passcode in password is provided, passcode is not provided, private key is not provided, application: undefined, client name: snowflake-sdk, client version: 2.1.3, retry timeout: 300, private key path: undefined, private key pass is not provided, client store temporary credential: false, browser response timeout: 120000"}
{"level":"INFO","message":"[11:21:26.865 AM]: Connection[id: fb41a128-bd9e-4173-a331-363bb43a6873] - connection object created successfully."}
{"level":"INFO","message":"[11:21:26.865 AM]: Connection[id: fb41a128-bd9e-4173-a331-363bb43a6873] - connecting. Associated Snowflake domain: GLOBAL"}
{"level":"INFO","message":"[11:21:26.874 AM]: Connection[id: fb41a128-bd9e-4173-a331-363bb43a6873] - authentication successful using: SNOWFLAKE"}
{"level":"INFO","message":"[11:21:26.875 AM]: Trying to initialize Easy Logging"}
{"level":"INFO","message":"[11:21:26.877 AM]: No client config detected."}
{"level":"INFO","message":"[11:21:26.877 AM]: No config file path found. Client config will not be used."}
{"level":"INFO","message":"[11:21:26.878 AM]: Easy Logging is disabled as no config has been found"}
{"level":"INFO","message":"[11:21:26.882 AM]: Connection[id: fb41a128-bd9e-4173-a331-363bb43a6873] - connected successfully after 16.996899992227554 milliseconds"}
{"level":"INFO","message":"[11:21:31.899 AM]: Creating new connection object"}
{"level":"INFO","message":"[11:21:31.912 AM]: Creating Connection[id: 48f9bc4a-a643-4701-a1f2-3129a2cfa661] with host: CYRMHDX-RW82331.snowflakecomputing.com, account: CYRMHDX-RW82331, accessUrl: https://CYRMHDX-RW82331.snowflakecomputing.com, user: DEMOARGOS, role: undefined, database: Argos, schema: Argos_Data, warehouse: COMPUTE_WH, proxy was not configured, password is provided, region: undefined, authenticator: SNOWFLAKE, ocsp mode: FAIL_OPEN, os: win32, os version: 10.0.22621"}
{"level":"INFO","message":"[11:21:31.913 AM]: Connection[id: 48f9bc4a-a643-4701-a1f2-3129a2cfa661] additional details: passcode in password is provided, passcode is not provided, private key is not provided, application: undefined, client name: snowflake-sdk, client version: 2.1.3, retry timeout: 300, private key path: undefined, private key pass is not provided, client store temporary credential: false, browser response timeout: 120000"}
{"level":"INFO","message":"[11:21:31.914 AM]: Connection[id: 48f9bc4a-a643-4701-a1f2-3129a2cfa661] - connection object created successfully."}
{"level":"INFO","message":"[11:21:31.914 AM]: Connection[id: 48f9bc4a-a643-4701-a1f2-3129a2cfa661] - connecting. Associated Snowflake domain: GLOBAL"}
{"level":"INFO","message":"[11:21:31.925 AM]: Connection[id: 48f9bc4a-a643-4701-a1f2-3129a2cfa661] - authentication successful using: SNOWFLAKE"}
{"level":"INFO","message":"[11:21:31.926 AM]: Trying to initialize Easy Logging"}
{"level":"INFO","message":"[11:21:31.929 AM]: No client config detected."}
{"level":"INFO","message":"[11:21:31.929 AM]: No config file path found. Client config will not be used."}
{"level":"INFO","message":"[11:21:31.930 AM]: Easy Logging is disabled as no config has been found"}
{"level":"INFO","message":"[11:21:31.934 AM]: Connection[id: 48f9bc4a-a643-4701-a1f2-3129a2cfa661] - connected successfully after 19.366699993610382 milliseconds"}
{"level":"INFO","message":"[11:21:58.693 AM]: Creating new connection object"}
{"level":"INFO","message":"[11:21:58.705 AM]: Creating Connection[id: 8dde1dd7-0508-42ca-8b8a-2590fb77587c] with host: CYRMHDX-RW82331.snowflakecomputing.com, account: CYRMHDX-RW82331, accessUrl: https://CYRMHDX-RW82331.snowflakecomputing.com, user: DEMOARGOS, role: undefined, database: Argos, schema: Argos_Data, warehouse: COMPUTE_WH, proxy was not configured, password is provided, region: undefined, authenticator: SNOWFLAKE, ocsp mode: FAIL_OPEN, os: win32, os version: 10.0.22621"}
{"level":"INFO","message":"[11:21:58.706 AM]: Connection[id: 8dde1dd7-0508-42ca-8b8a-2590fb77587c] additional details: passcode in password is provided, passcode is not provided, private key is not provided, application: undefined, client name: snowflake-sdk, client version: 2.1.3, retry timeout: 300, private key path: undefined, private key pass is not provided, client store temporary credential: false, browser response timeout: 120000"}
{"level":"INFO","message":"[11:21:58.707 AM]: Connection[id: 8dde1dd7-0508-42ca-8b8a-2590fb77587c] - connection object created successfully."}
{"level":"INFO","message":"[11:21:58.708 AM]: Connection[id: 8dde1dd7-0508-42ca-8b8a-2590fb77587c] - connecting. Associated Snowflake domain: GLOBAL"}
{"level":"INFO","message":"[11:21:58.718 AM]: Connection[id: 8dde1dd7-0508-42ca-8b8a-2590fb77587c] - authentication successful using: SNOWFLAKE"}
{"level":"INFO","message":"[11:21:58.719 AM]: Trying to initialize Easy Logging"}
{"level":"INFO","message":"[11:21:58.721 AM]: No client config detected."}
{"level":"INFO","message":"[11:21:58.722 AM]: No config file path found. Client config will not be used."}
{"level":"INFO","message":"[11:21:58.722 AM]: Easy Logging is disabled as no config has been found"}
{"level":"INFO","message":"[11:21:58.726 AM]: Connection[id: 8dde1dd7-0508-42ca-8b8a-2590fb77587c] - connected successfully after 18.470899999141693 milliseconds"}
{"level":"INFO","message":"[11:22:03.503 AM]: Creating new connection object"}
{"level":"INFO","message":"[11:22:03.517 AM]: Creating Connection[id: 728cc04b-5a0d-4295-9267-6daa71f672c8] with host: CYRMHDX-RW82331.snowflakecomputing.com, account: CYRMHDX-RW82331, accessUrl: https://CYRMHDX-RW82331.snowflakecomputing.com, user: DEMOARGOS, role: undefined, database: Argos, schema: Argos_Data, warehouse: COMPUTE_WH, proxy was not configured, password is provided, region: undefined, authenticator: SNOWFLAKE, ocsp mode: FAIL_OPEN, os: win32, os version: 10.0.22621"}
{"level":"INFO","message":"[11:22:03.518 AM]: Connection[id: 728cc04b-5a0d-4295-9267-6daa71f672c8] additional details: passcode in password is provided, passcode is not provided, private key is not provided, application: undefined, client name: snowflake-sdk, client version: 2.1.3, retry timeout: 300, private key path: undefined, private key pass is not provided, client store temporary credential: false, browser response timeout: 120000"}
{"level":"INFO","message":"[11:22:03.519 AM]: Connection[id: 728cc04b-5a0d-4295-9267-6daa71f672c8] - connection object created successfully."}
{"level":"INFO","message":"[11:22:03.520 AM]: Connection[id: 728cc04b-5a0d-4295-9267-6daa71f672c8] - connecting. Associated Snowflake domain: GLOBAL"}
{"level":"INFO","message":"[11:22:03.530 AM]: Connection[id: 728cc04b-5a0d-4295-9267-6daa71f672c8] - authentication successful using: SNOWFLAKE"}
{"level":"INFO","message":"[11:22:03.531 AM]: Trying to initialize Easy Logging"}
{"level":"INFO","message":"[11:22:03.534 AM]: No client config detected."}
{"level":"INFO","message":"[11:22:03.535 AM]: No config file path found. Client config will not be used."}
{"level":"INFO","message":"[11:22:03.535 AM]: Easy Logging is disabled as no config has been found"}
{"level":"INFO","message":"[11:22:03.541 AM]: Connection[id: 728cc04b-5a0d-4295-9267-6daa71f672c8] - connected successfully after 21.156699985265732 milliseconds"}
{"level":"INFO","message":"[11:22:49.424 AM]: Creating new connection object"}
{"level":"INFO","message":"[11:22:49.438 AM]: Creating Connection[id: ee6fcc1c-2598-480c-b34b-86534086ee98] with host: CYRMHDX-RW82331.snowflakecomputing.com, account: CYRMHDX-RW82331, accessUrl: https://CYRMHDX-RW82331.snowflakecomputing.com, user: DEMOARGOS, role: undefined, database: Argos, schema: Argos_Data, warehouse: COMPUTE_WH, proxy was not configured, password is provided, region: undefined, authenticator: SNOWFLAKE, ocsp mode: FAIL_OPEN, os: win32, os version: 10.0.22621"}
{"level":"INFO","message":"[11:22:49.439 AM]: Connection[id: ee6fcc1c-2598-480c-b34b-86534086ee98] additional details: passcode in password is provided, passcode is not provided, private key is not provided, application: undefined, client name: snowflake-sdk, client version: 2.1.3, retry timeout: 300, private key path: undefined, private key pass is not provided, client store temporary credential: false, browser response timeout: 120000"}
{"level":"INFO","message":"[11:22:49.440 AM]: Connection[id: ee6fcc1c-2598-480c-b34b-86534086ee98] - connection object created successfully."}
{"level":"INFO","message":"[11:22:49.441 AM]: Connection[id: ee6fcc1c-2598-480c-b34b-86534086ee98] - connecting. Associated Snowflake domain: GLOBAL"}
{"level":"INFO","message":"[11:22:49.453 AM]: Connection[id: ee6fcc1c-2598-480c-b34b-86534086ee98] - authentication successful using: SNOWFLAKE"}
{"level":"INFO","message":"[11:22:49.455 AM]: Trying to initialize Easy Logging"}
{"level":"INFO","message":"[11:22:49.458 AM]: No client config detected."}
{"level":"INFO","message":"[11:22:49.458 AM]: No config file path found. Client config will not be used."}
{"level":"INFO","message":"[11:22:49.459 AM]: Easy Logging is disabled as no config has been found"}
{"level":"INFO","message":"[11:22:49.464 AM]: Connection[id: ee6fcc1c-2598-480c-b34b-86534086ee98] - connected successfully after 23.497399985790253 milliseconds"}
{"level":"INFO","message":"[11:22:56.090 AM]: Creating new connection object"}
{"level":"INFO","message":"[11:22:56.103 AM]: Creating Connection[id: 0c4e2b9a-e58f-4de9-abde-89375098de70] with host: CYRMHDX-RW82331.snowflakecomputing.com, account: CYRMHDX-RW82331, accessUrl: https://CYRMHDX-RW82331.snowflakecomputing.com, user: DEMOARGOS, role: undefined, database: Argos, schema: Argos_Data, warehouse: COMPUTE_WH, proxy was not configured, password is provided, region: undefined, authenticator: SNOWFLAKE, ocsp mode: FAIL_OPEN, os: win32, os version: 10.0.22621"}
{"level":"INFO","message":"[11:22:56.104 AM]: Connection[id: 0c4e2b9a-e58f-4de9-abde-89375098de70] additional details: passcode in password is provided, passcode is not provided, private key is not provided, application: undefined, client name: snowflake-sdk, client version: 2.1.3, retry timeout: 300, private key path: undefined, private key pass is not provided, client store temporary credential: false, browser response timeout: 120000"}
{"level":"INFO","message":"[11:22:56.105 AM]: Connection[id: 0c4e2b9a-e58f-4de9-abde-89375098de70] - connection object created successfully."}
{"level":"INFO","message":"[11:22:56.106 AM]: Connection[id: 0c4e2b9a-e58f-4de9-abde-89375098de70] - connecting. Associated Snowflake domain: GLOBAL"}
{"level":"INFO","message":"[11:22:56.116 AM]: Connection[id: 0c4e2b9a-e58f-4de9-abde-89375098de70] - authentication successful using: SNOWFLAKE"}
{"level":"INFO","message":"[11:22:56.117 AM]: Trying to initialize Easy Logging"}
{"level":"INFO","message":"[11:22:56.119 AM]: No client config detected."}
{"level":"INFO","message":"[11:22:56.120 AM]: No config file path found. Client config will not be used."}
{"level":"INFO","message":"[11:22:56.121 AM]: Easy Logging is disabled as no config has been found"}
{"level":"INFO","message":"[11:22:56.125 AM]: Connection[id: 0c4e2b9a-e58f-4de9-abde-89375098de70] - connected successfully after 19.527200013399124 milliseconds"}
{"level":"INFO","message":"[11:57:47.160 AM]: Creating new connection object"}
{"level":"INFO","message":"[11:57:47.174 AM]: Creating Connection[id: b1f7f0bc-62f3-4ffb-aa5d-8ad00e1a4b9e] with host: CYRMHDX-RW82331.snowflakecomputing.com, account: CYRMHDX-RW82331, accessUrl: https://CYRMHDX-RW82331.snowflakecomputing.com, user: DEMOARGOS, role: undefined, database: Argos, schema: Argos_Data, warehouse: COMPUTE_WH, proxy was not configured, password is provided, region: undefined, authenticator: SNOWFLAKE, ocsp mode: FAIL_OPEN, os: darwin, os version: 24.5.0"}
{"level":"INFO","message":"[11:57:47.174 AM]: Connection[id: b1f7f0bc-62f3-4ffb-aa5d-8ad00e1a4b9e] additional details: passcode in password is provided, passcode is not provided, private key is not provided, application: undefined, client name: snowflake-sdk, client version: 2.1.3, retry timeout: 300, private key path: undefined, private key pass is not provided, client store temporary credential: false, browser response timeout: 120000"}
{"level":"INFO","message":"[11:57:47.175 AM]: Connection[id: b1f7f0bc-62f3-4ffb-aa5d-8ad00e1a4b9e] - connection object created successfully."}
{"level":"INFO","message":"[11:57:47.175 AM]: Connection[id: b1f7f0bc-62f3-4ffb-aa5d-8ad00e1a4b9e] - connecting. Associated Snowflake domain: GLOBAL"}
{"level":"INFO","message":"[11:57:47.183 AM]: Connection[id: b1f7f0bc-62f3-4ffb-aa5d-8ad00e1a4b9e] - authentication successful using: SNOWFLAKE"}
{"level":"INFO","message":"[11:57:47.184 AM]: Trying to initialize Easy Logging"}
{"level":"INFO","message":"[11:57:47.192 AM]: No client config detected."}
{"level":"INFO","message":"[11:57:47.192 AM]: No config file path found. Client config will not be used."}
{"level":"INFO","message":"[11:57:47.192 AM]: Easy Logging is disabled as no config has been found"}
{"level":"INFO","message":"[11:57:47.199 AM]: Connection[id: b1f7f0bc-62f3-4ffb-aa5d-8ad00e1a4b9e] - connected successfully after 23.661633000000165 milliseconds"}
{"level":"INFO","message":"[12:12:55.440 PM]: Creating new connection object"}
{"level":"INFO","message":"[12:12:55.453 PM]: Creating Connection[id: 4923fe4d-c63a-46c5-909d-c1108505aa37] with host: CYRMHDX-RW82331.snowflakecomputing.com, account: CYRMHDX-RW82331, accessUrl: https://CYRMHDX-RW82331.snowflakecomputing.com, user: DEMOARGOS, role: undefined, database: Argos, schema: Argos_Data, warehouse: COMPUTE_WH, proxy was not configured, password is provided, region: undefined, authenticator: SNOWFLAKE, ocsp mode: FAIL_OPEN, os: darwin, os version: 24.5.0"}
{"level":"INFO","message":"[12:12:55.453 PM]: Connection[id: 4923fe4d-c63a-46c5-909d-c1108505aa37] additional details: passcode in password is provided, passcode is not provided, private key is not provided, application: undefined, client name: snowflake-sdk, client version: 2.1.3, retry timeout: 300, private key path: undefined, private key pass is not provided, client store temporary credential: false, browser response timeout: 120000"}
{"level":"INFO","message":"[12:12:55.454 PM]: Connection[id: 4923fe4d-c63a-46c5-909d-c1108505aa37] - connection object created successfully."}
{"level":"INFO","message":"[12:12:55.454 PM]: Connection[id: 4923fe4d-c63a-46c5-909d-c1108505aa37] - connecting. Associated Snowflake domain: GLOBAL"}
{"level":"INFO","message":"[12:12:55.462 PM]: Connection[id: 4923fe4d-c63a-46c5-909d-c1108505aa37] - authentication successful using: SNOWFLAKE"}
{"level":"INFO","message":"[12:12:55.462 PM]: Trying to initialize Easy Logging"}
{"level":"INFO","message":"[12:12:55.468 PM]: No client config detected."}
{"level":"INFO","message":"[12:12:55.469 PM]: No config file path found. Client config will not be used."}
{"level":"INFO","message":"[12:12:55.469 PM]: Easy Logging is disabled as no config has been found"}
{"level":"INFO","message":"[12:12:55.473 PM]: Connection[id: 4923fe4d-c63a-46c5-909d-c1108505aa37] - connected successfully after 19.334195999999793 milliseconds"}
{"level":"INFO","message":"[12:14:58.470 PM]: Creating new connection object"}
{"level":"INFO","message":"[12:14:58.481 PM]: Creating Connection[id: c700d6e2-dba7-433f-9c26-b04b8a784a75] with host: CYRMHDX-RW82331.snowflakecomputing.com, account: CYRMHDX-RW82331, accessUrl: https://CYRMHDX-RW82331.snowflakecomputing.com, user: DEMOARGOS, role: undefined, database: Argos, schema: Argos_Data, warehouse: COMPUTE_WH, proxy was not configured, password is provided, region: undefined, authenticator: SNOWFLAKE, ocsp mode: FAIL_OPEN, os: darwin, os version: 24.5.0"}
{"level":"INFO","message":"[12:14:58.481 PM]: Connection[id: c700d6e2-dba7-433f-9c26-b04b8a784a75] additional details: passcode in password is provided, passcode is not provided, private key is not provided, application: undefined, client name: snowflake-sdk, client version: 2.1.3, retry timeout: 300, private key path: undefined, private key pass is not provided, client store temporary credential: false, browser response timeout: 120000"}
{"level":"INFO","message":"[12:14:58.481 PM]: Connection[id: c700d6e2-dba7-433f-9c26-b04b8a784a75] - connection object created successfully."}
{"level":"INFO","message":"[12:14:58.482 PM]: Connection[id: c700d6e2-dba7-433f-9c26-b04b8a784a75] - connecting. Associated Snowflake domain: GLOBAL"}
{"level":"INFO","message":"[12:14:58.488 PM]: Connection[id: c700d6e2-dba7-433f-9c26-b04b8a784a75] - authentication successful using: SNOWFLAKE"}
{"level":"INFO","message":"[12:14:58.489 PM]: Trying to initialize Easy Logging"}
{"level":"INFO","message":"[12:14:58.495 PM]: No client config detected."}
{"level":"INFO","message":"[12:14:58.495 PM]: No config file path found. Client config will not be used."}
{"level":"INFO","message":"[12:14:58.495 PM]: Easy Logging is disabled as no config has been found"}
{"level":"INFO","message":"[12:14:58.499 PM]: Connection[id: c700d6e2-dba7-433f-9c26-b04b8a784a75] - connected successfully after 16.900109000000043 milliseconds"}
